<?xml version="1.0" encoding="UTF-8"?>
<!-- Generated by org.testng.reporters.JUnitReportReporter -->
<testsuite hostname="PF2NHKFK" failures="0" tests="4" name="api.test.UserTestsUsingPropertiesFileEndpoints" time="5.827" errors="0" timestamp="2023-07-29T14:59:26 EDT" skipped="0">
  <testcase classname="api.test.UserTestsUsingPropertiesFileEndpoints" name="addUser" time="3.451"/>
  <system-out/>
  <testcase classname="api.test.UserTestsUsingPropertiesFileEndpoints" name="getUser" time="0.805"/>
  <system-out/>
  <testcase classname="api.test.UserTestsUsingPropertiesFileEndpoints" name="updateUser" time="0.812"/>
  <system-out/>
  <testcase classname="api.test.UserTestsUsingPropertiesFileEndpoints" name="deleteUser" time="0.759"/>
  <system-out/>
</testsuite> <!-- api.test.UserTestsUsingPropertiesFileEndpoints -->
