<?xml version="1.0" encoding="UTF-8"?>
<!-- Generated by org.testng.reporters.JUnitReportReporter -->
<testsuite hostname="PF2NHKFK" failures="0" tests="4" name="api.test.UserTests" time="5.619" errors="0" timestamp="2023-07-29T14:09:08 EDT" skipped="0">
  <testcase classname="api.test.UserTests" name="addUser" time="3.237"/>
  <system-out/>
  <testcase classname="api.test.UserTests" name="getUser" time="0.840"/>
  <system-out/>
  <testcase classname="api.test.UserTests" name="updateUser" time="0.770"/>
  <system-out/>
  <testcase classname="api.test.UserTests" name="deleteUser" time="0.772"/>
  <system-out/>
</testsuite> <!-- api.test.UserTests -->
