<?xml version="1.0" encoding="UTF-8"?>
<!-- Generated by org.testng.reporters.JUnitReportReporter -->
<testsuite hostname="PF2NHKFK" failures="0" tests="6" name="api.test.DataDrivenTests" time="3.504" errors="0" timestamp="2023-07-28T22:18:51 EDT" skipped="0">
  <testcase classname="api.test.DataDrivenTests" name="testPostUsers" time="0.248"/>
  <system-out/>
  <testcase classname="api.test.DataDrivenTests" name="testPostUsers" time="2.190"/>
  <system-out/>
  <testcase classname="api.test.DataDrivenTests" name="testPostUsers" time="0.256"/>
  <system-out/>
  <testcase classname="api.test.DataDrivenTests" name="deleteUsers" time="0.258"/>
  <system-out/>
  <testcase classname="api.test.DataDrivenTests" name="deleteUsers" time="0.283"/>
  <system-out/>
  <testcase classname="api.test.DataDrivenTests" name="deleteUsers" time="0.269"/>
  <system-out/>
</testsuite> <!-- api.test.DataDrivenTests -->
