<?xml version="1.0" encoding="UTF-8"?>
<!-- Generated by org.testng.reporters.JUnitReportReporter -->
<testsuite hostname="LAPTOP-K3AI29RE" failures="0" tests="4" name="api.test.UserTests" time="4.533" errors="0" timestamp="2023-08-01T15:32:35 EDT" skipped="0">
  <testcase classname="api.test.UserTests" name="addUser" time="3.916"/>
  <system-out/>
  <testcase classname="api.test.UserTests" name="getUser" time="0.217"/>
  <system-out/>
  <testcase classname="api.test.UserTests" name="updateUser" time="0.202"/>
  <system-out/>
  <testcase classname="api.test.UserTests" name="deleteUser" time="0.198"/>
  <system-out/>
</testsuite> <!-- api.test.UserTests -->
